<?xml version="1.0" encoding="UTF-8"?>
<!-- Generated by org.testng.reporters.JUnitReportReporter -->
<testsuite hostname="Vishal" failures="0" tests="2" name="Test.LoginTest" time="5.560" errors="0" timestamp="2024-11-17T21:04:54 IST" skipped="0">
  <testcase classname="Test.LoginTest" name="Logintest" time="0.672"/>
  <testcase classname="Test.LoginTest" name="Hometest" time="4.888"/>
</testsuite> <!-- Test.LoginTest -->
